  Reader.c
C:\Users\aliab\OneDrive\Documents\GitHub\AC22CMP\CompilerAssignment-A12-Code-Boa\CompilerAssignment\ApouC\Reader.c(87,19): warning C4047: '==': 'apc_intg' differs in levels of indirection from 'void *'
C:\Users\aliab\OneDrive\Documents\GitHub\AC22CMP\CompilerAssignment-A12-Code-Boa\CompilerAssignment\ApouC\Reader.c(91,24): warning C4047: '==': 'apc_intg' differs in levels of indirection from 'void *'
C:\Users\aliab\OneDrive\Documents\GitHub\AC22CMP\CompilerAssignment-A12-Code-Boa\CompilerAssignment\ApouC\Reader.c(136,22): warning C4047: 'return': 'ReaderPointer' differs in levels of indirection from 'int'
C:\Users\aliab\OneDrive\Documents\GitHub\AC22CMP\CompilerAssignment-A12-Code-Boa\CompilerAssignment\ApouC\Reader.c(138,20): warning C4047: 'return': 'ReaderPointer' differs in levels of indirection from 'int'
C:\Users\aliab\OneDrive\Documents\GitHub\AC22CMP\CompilerAssignment-A12-Code-Boa\CompilerAssignment\ApouC\Reader.c(273,21): error C2059: syntax error: ')'
C:\Users\aliab\OneDrive\Documents\GitHub\AC22CMP\CompilerAssignment-A12-Code-Boa\CompilerAssignment\ApouC\Reader.c(292,10): error C2061: syntax error: identifier 'readerSetMark'
C:\Users\aliab\OneDrive\Documents\GitHub\AC22CMP\CompilerAssignment-A12-Code-Boa\CompilerAssignment\ApouC\Reader.c(292,10): error C2059: syntax error: ';'
C:\Users\aliab\OneDrive\Documents\GitHub\AC22CMP\CompilerAssignment-A12-Code-Boa\CompilerAssignment\ApouC\Reader.c(292,38): error C2143: syntax error: missing ')' before 'const'
C:\Users\aliab\OneDrive\Documents\GitHub\AC22CMP\CompilerAssignment-A12-Code-Boa\CompilerAssignment\ApouC\Reader.c(292,38): error C2143: syntax error: missing '{' before 'const'
C:\Users\aliab\OneDrive\Documents\GitHub\AC22CMP\CompilerAssignment-A12-Code-Boa\CompilerAssignment\ApouC\Reader.c(292,59): error C2373: 'apc_intg': redefinition; different type modifiers
C:\Users\aliab\OneDrive\Documents\GitHub\AC22CMP\CompilerAssignment-A12-Code-Boa\CompilerAssignment\ApouC\Compilers.h(70): message : see declaration of 'apc_intg'
C:\Users\aliab\OneDrive\Documents\GitHub\AC22CMP\CompilerAssignment-A12-Code-Boa\CompilerAssignment\ApouC\Reader.c(292,68): error C2146: syntax error: missing ';' before identifier 'mark'
C:\Users\aliab\OneDrive\Documents\GitHub\AC22CMP\CompilerAssignment-A12-Code-Boa\CompilerAssignment\ApouC\Reader.c(292,72): error C2059: syntax error: ')'
C:\Users\aliab\OneDrive\Documents\GitHub\AC22CMP\CompilerAssignment-A12-Code-Boa\CompilerAssignment\ApouC\Reader.c(292,74): error C2054: expected '(' to follow 'mark'
C:\Users\aliab\OneDrive\Documents\GitHub\AC22CMP\CompilerAssignment-A12-Code-Boa\CompilerAssignment\ApouC\Reader.c(316,10): error C2061: syntax error: identifier 'readerPrint'
C:\Users\aliab\OneDrive\Documents\GitHub\AC22CMP\CompilerAssignment-A12-Code-Boa\CompilerAssignment\ApouC\Reader.c(316,10): error C2059: syntax error: ';'
C:\Users\aliab\OneDrive\Documents\GitHub\AC22CMP\CompilerAssignment-A12-Code-Boa\CompilerAssignment\ApouC\Reader.c(316,36): error C2143: syntax error: missing ')' before 'const'
C:\Users\aliab\OneDrive\Documents\GitHub\AC22CMP\CompilerAssignment-A12-Code-Boa\CompilerAssignment\ApouC\Reader.c(316,36): error C2143: syntax error: missing '{' before 'const'
C:\Users\aliab\OneDrive\Documents\GitHub\AC22CMP\CompilerAssignment-A12-Code-Boa\CompilerAssignment\ApouC\Reader.c(316,55): error C2059: syntax error: ')'
C:\Users\aliab\OneDrive\Documents\GitHub\AC22CMP\CompilerAssignment-A12-Code-Boa\CompilerAssignment\ApouC\Reader.c(316,57): error C2054: expected '(' to follow 'readerPointer'
C:\Users\aliab\OneDrive\Documents\GitHub\AC22CMP\CompilerAssignment-A12-Code-Boa\CompilerAssignment\ApouC\Reader.c(346,10): error C2061: syntax error: identifier 'readerLoad'
C:\Users\aliab\OneDrive\Documents\GitHub\AC22CMP\CompilerAssignment-A12-Code-Boa\CompilerAssignment\ApouC\Reader.c(346,10): error C2059: syntax error: ';'
C:\Users\aliab\OneDrive\Documents\GitHub\AC22CMP\CompilerAssignment-A12-Code-Boa\CompilerAssignment\ApouC\Reader.c(346,35): error C2143: syntax error: missing ')' before 'const'
C:\Users\aliab\OneDrive\Documents\GitHub\AC22CMP\CompilerAssignment-A12-Code-Boa\CompilerAssignment\ApouC\Reader.c(346,35): error C2143: syntax error: missing '{' before 'const'
C:\Users\aliab\OneDrive\Documents\GitHub\AC22CMP\CompilerAssignment-A12-Code-Boa\CompilerAssignment\ApouC\Reader.c(346,56): error C2373: 'FILE': redefinition; different type modifiers
C:\Program Files (x86)\Windows Kits\10\Include\10.0.19041.0\ucrt\corecrt_wstdio.h(31): message : see declaration of 'FILE'
C:\Users\aliab\OneDrive\Documents\GitHub\AC22CMP\CompilerAssignment-A12-Code-Boa\CompilerAssignment\ApouC\Reader.c(346,60): error C2143: syntax error: missing ';' before '*'
C:\Users\aliab\OneDrive\Documents\GitHub\AC22CMP\CompilerAssignment-A12-Code-Boa\CompilerAssignment\ApouC\Reader.c(346,82): error C2059: syntax error: ')'
C:\Users\aliab\OneDrive\Documents\GitHub\AC22CMP\CompilerAssignment-A12-Code-Boa\CompilerAssignment\ApouC\Reader.c(346,84): error C2054: expected '(' to follow 'fileDescriptor'
C:\Users\aliab\OneDrive\Documents\GitHub\AC22CMP\CompilerAssignment-A12-Code-Boa\CompilerAssignment\ApouC\Reader.c(383,10): error C2061: syntax error: identifier 'readerRecover'
C:\Users\aliab\OneDrive\Documents\GitHub\AC22CMP\CompilerAssignment-A12-Code-Boa\CompilerAssignment\ApouC\Reader.c(383,10): error C2059: syntax error: ';'
C:\Users\aliab\OneDrive\Documents\GitHub\AC22CMP\CompilerAssignment-A12-Code-Boa\CompilerAssignment\ApouC\Reader.c(383,38): error C2143: syntax error: missing ')' before 'const'
C:\Users\aliab\OneDrive\Documents\GitHub\AC22CMP\CompilerAssignment-A12-Code-Boa\CompilerAssignment\ApouC\Reader.c(383,38): error C2143: syntax error: missing '{' before 'const'
C:\Users\aliab\OneDrive\Documents\GitHub\AC22CMP\CompilerAssignment-A12-Code-Boa\CompilerAssignment\ApouC\Reader.c(383,57): error C2059: syntax error: ')'
C:\Users\aliab\OneDrive\Documents\GitHub\AC22CMP\CompilerAssignment-A12-Code-Boa\CompilerAssignment\ApouC\Reader.c(383,59): error C2054: expected '(' to follow 'readerPointer'
C:\Users\aliab\OneDrive\Documents\GitHub\AC22CMP\CompilerAssignment-A12-Code-Boa\CompilerAssignment\ApouC\Reader.c(408,10): error C2061: syntax error: identifier 'readerRetract'
C:\Users\aliab\OneDrive\Documents\GitHub\AC22CMP\CompilerAssignment-A12-Code-Boa\CompilerAssignment\ApouC\Reader.c(408,10): error C2059: syntax error: ';'
C:\Users\aliab\OneDrive\Documents\GitHub\AC22CMP\CompilerAssignment-A12-Code-Boa\CompilerAssignment\ApouC\Reader.c(408,38): error C2143: syntax error: missing ')' before 'const'
C:\Users\aliab\OneDrive\Documents\GitHub\AC22CMP\CompilerAssignment-A12-Code-Boa\CompilerAssignment\ApouC\Reader.c(408,38): error C2143: syntax error: missing '{' before 'const'
C:\Users\aliab\OneDrive\Documents\GitHub\AC22CMP\CompilerAssignment-A12-Code-Boa\CompilerAssignment\ApouC\Reader.c(408,57): error C2059: syntax error: ')'
C:\Users\aliab\OneDrive\Documents\GitHub\AC22CMP\CompilerAssignment-A12-Code-Boa\CompilerAssignment\ApouC\Reader.c(408,59): error C2054: expected '(' to follow 'readerPointer'
C:\Users\aliab\OneDrive\Documents\GitHub\AC22CMP\CompilerAssignment-A12-Code-Boa\CompilerAssignment\ApouC\Reader.c(438,10): error C2061: syntax error: identifier 'readerRestore'
C:\Users\aliab\OneDrive\Documents\GitHub\AC22CMP\CompilerAssignment-A12-Code-Boa\CompilerAssignment\ApouC\Reader.c(438,10): error C2059: syntax error: ';'
C:\Users\aliab\OneDrive\Documents\GitHub\AC22CMP\CompilerAssignment-A12-Code-Boa\CompilerAssignment\ApouC\Reader.c(438,38): error C2143: syntax error: missing ')' before 'const'
C:\Users\aliab\OneDrive\Documents\GitHub\AC22CMP\CompilerAssignment-A12-Code-Boa\CompilerAssignment\ApouC\Reader.c(438,38): error C2143: syntax error: missing '{' before 'const'
C:\Users\aliab\OneDrive\Documents\GitHub\AC22CMP\CompilerAssignment-A12-Code-Boa\CompilerAssignment\ApouC\Reader.c(438,57): error C2059: syntax error: ')'
C:\Users\aliab\OneDrive\Documents\GitHub\AC22CMP\CompilerAssignment-A12-Code-Boa\CompilerAssignment\ApouC\Reader.c(438,59): error C2054: expected '(' to follow 'readerPointer'
C:\Users\aliab\OneDrive\Documents\GitHub\AC22CMP\CompilerAssignment-A12-Code-Boa\CompilerAssignment\ApouC\Reader.c(463,10): error C2061: syntax error: identifier 'readerGetChar'
C:\Users\aliab\OneDrive\Documents\GitHub\AC22CMP\CompilerAssignment-A12-Code-Boa\CompilerAssignment\ApouC\Reader.c(463,10): error C2059: syntax error: ';'
C:\Users\aliab\OneDrive\Documents\GitHub\AC22CMP\CompilerAssignment-A12-Code-Boa\CompilerAssignment\ApouC\Reader.c(463,38): error C2143: syntax error: missing ')' before 'const'
C:\Users\aliab\OneDrive\Documents\GitHub\AC22CMP\CompilerAssignment-A12-Code-Boa\CompilerAssignment\ApouC\Reader.c(463,38): error C2143: syntax error: missing '{' before 'const'
C:\Users\aliab\OneDrive\Documents\GitHub\AC22CMP\CompilerAssignment-A12-Code-Boa\CompilerAssignment\ApouC\Reader.c(463,57): error C2059: syntax error: ')'
C:\Users\aliab\OneDrive\Documents\GitHub\AC22CMP\CompilerAssignment-A12-Code-Boa\CompilerAssignment\ApouC\Reader.c(463,59): error C2054: expected '(' to follow 'readerPointer'
C:\Users\aliab\OneDrive\Documents\GitHub\AC22CMP\CompilerAssignment-A12-Code-Boa\CompilerAssignment\ApouC\Reader.c(497,9): error C2143: syntax error: missing '{' before '*'
C:\Users\aliab\OneDrive\Documents\GitHub\AC22CMP\CompilerAssignment-A12-Code-Boa\CompilerAssignment\ApouC\Reader.c(497,42): error C2143: syntax error: missing ')' before 'const'
C:\Users\aliab\OneDrive\Documents\GitHub\AC22CMP\CompilerAssignment-A12-Code-Boa\CompilerAssignment\ApouC\Reader.c(497,42): error C2143: syntax error: missing '{' before 'const'
C:\Users\aliab\OneDrive\Documents\GitHub\AC22CMP\CompilerAssignment-A12-Code-Boa\CompilerAssignment\ApouC\Reader.c(497,63): error C2373: 'apc_intg': redefinition; different type modifiers
C:\Users\aliab\OneDrive\Documents\GitHub\AC22CMP\CompilerAssignment-A12-Code-Boa\CompilerAssignment\ApouC\Compilers.h(70): message : see declaration of 'apc_intg'
C:\Users\aliab\OneDrive\Documents\GitHub\AC22CMP\CompilerAssignment-A12-Code-Boa\CompilerAssignment\ApouC\Reader.c(497,72): error C2146: syntax error: missing ';' before identifier 'pos'
C:\Users\aliab\OneDrive\Documents\GitHub\AC22CMP\CompilerAssignment-A12-Code-Boa\CompilerAssignment\ApouC\Reader.c(497,75): error C2059: syntax error: ')'
C:\Users\aliab\OneDrive\Documents\GitHub\AC22CMP\CompilerAssignment-A12-Code-Boa\CompilerAssignment\ApouC\Reader.c(497,77): error C2054: expected '(' to follow 'pos'
C:\Users\aliab\OneDrive\Documents\GitHub\AC22CMP\CompilerAssignment-A12-Code-Boa\CompilerAssignment\ApouC\Reader.c(523,10): error C2061: syntax error: identifier 'readerGetPosRead'
C:\Users\aliab\OneDrive\Documents\GitHub\AC22CMP\CompilerAssignment-A12-Code-Boa\CompilerAssignment\ApouC\Reader.c(523,10): error C2059: syntax error: ';'
C:\Users\aliab\OneDrive\Documents\GitHub\AC22CMP\CompilerAssignment-A12-Code-Boa\CompilerAssignment\ApouC\Reader.c(523,41): error C2143: syntax error: missing ')' before 'const'
C:\Users\aliab\OneDrive\Documents\GitHub\AC22CMP\CompilerAssignment-A12-Code-Boa\CompilerAssignment\ApouC\Reader.c(523,41): error C2143: syntax error: missing '{' before 'const'
C:\Users\aliab\OneDrive\Documents\GitHub\AC22CMP\CompilerAssignment-A12-Code-Boa\CompilerAssignment\ApouC\Reader.c(523,60): error C2059: syntax error: ')'
C:\Users\aliab\OneDrive\Documents\GitHub\AC22CMP\CompilerAssignment-A12-Code-Boa\CompilerAssignment\ApouC\Reader.c(523,62): error C2054: expected '(' to follow 'readerPointer'
C:\Users\aliab\OneDrive\Documents\GitHub\AC22CMP\CompilerAssignment-A12-Code-Boa\CompilerAssignment\ApouC\Reader.c(544,10): error C2061: syntax error: identifier 'readerGetPosWrte'
C:\Users\aliab\OneDrive\Documents\GitHub\AC22CMP\CompilerAssignment-A12-Code-Boa\CompilerAssignment\ApouC\Reader.c(544,10): error C2059: syntax error: ';'
C:\Users\aliab\OneDrive\Documents\GitHub\AC22CMP\CompilerAssignment-A12-Code-Boa\CompilerAssignment\ApouC\Reader.c(544,41): error C2143: syntax error: missing ')' before 'const'
C:\Users\aliab\OneDrive\Documents\GitHub\AC22CMP\CompilerAssignment-A12-Code-Boa\CompilerAssignment\ApouC\Reader.c(544,41): error C2143: syntax error: missing '{' before 'const'
C:\Users\aliab\OneDrive\Documents\GitHub\AC22CMP\CompilerAssignment-A12-Code-Boa\CompilerAssignment\ApouC\Reader.c(544,60): error C2059: syntax error: ')'
C:\Users\aliab\OneDrive\Documents\GitHub\AC22CMP\CompilerAssignment-A12-Code-Boa\CompilerAssignment\ApouC\Reader.c(544,62): error C2054: expected '(' to follow 'readerPointer'
C:\Users\aliab\OneDrive\Documents\GitHub\AC22CMP\CompilerAssignment-A12-Code-Boa\CompilerAssignment\ApouC\Reader.c(569,10): error C2061: syntax error: identifier 'readerGetPosMark'
C:\Users\aliab\OneDrive\Documents\GitHub\AC22CMP\CompilerAssignment-A12-Code-Boa\CompilerAssignment\ApouC\Reader.c(569,10): error C2059: syntax error: ';'
C:\Users\aliab\OneDrive\Documents\GitHub\AC22CMP\CompilerAssignment-A12-Code-Boa\CompilerAssignment\ApouC\Reader.c(569,41): error C2143: syntax error: missing ')' before 'const'
C:\Users\aliab\OneDrive\Documents\GitHub\AC22CMP\CompilerAssignment-A12-Code-Boa\CompilerAssignment\ApouC\Reader.c(569,41): error C2143: syntax error: missing '{' before 'const'
C:\Users\aliab\OneDrive\Documents\GitHub\AC22CMP\CompilerAssignment-A12-Code-Boa\CompilerAssignment\ApouC\Reader.c(569,60): error C2059: syntax error: ')'
C:\Users\aliab\OneDrive\Documents\GitHub\AC22CMP\CompilerAssignment-A12-Code-Boa\CompilerAssignment\ApouC\Reader.c(569,62): error C2054: expected '(' to follow 'readerPointer'
C:\Users\aliab\OneDrive\Documents\GitHub\AC22CMP\CompilerAssignment-A12-Code-Boa\CompilerAssignment\ApouC\Reader.c(590,10): error C2061: syntax error: identifier 'readerGetSize'
C:\Users\aliab\OneDrive\Documents\GitHub\AC22CMP\CompilerAssignment-A12-Code-Boa\CompilerAssignment\ApouC\Reader.c(590,10): error C2059: syntax error: ';'
C:\Users\aliab\OneDrive\Documents\GitHub\AC22CMP\CompilerAssignment-A12-Code-Boa\CompilerAssignment\ApouC\Reader.c(590,38): error C2143: syntax error: missing ')' before 'const'
C:\Users\aliab\OneDrive\Documents\GitHub\AC22CMP\CompilerAssignment-A12-Code-Boa\CompilerAssignment\ApouC\Reader.c(590,38): error C2143: syntax error: missing '{' before 'const'
C:\Users\aliab\OneDrive\Documents\GitHub\AC22CMP\CompilerAssignment-A12-Code-Boa\CompilerAssignment\ApouC\Reader.c(590,57): error C2059: syntax error: ')'
C:\Users\aliab\OneDrive\Documents\GitHub\AC22CMP\CompilerAssignment-A12-Code-Boa\CompilerAssignment\ApouC\Reader.c(590,59): error C2054: expected '(' to follow 'readerPointer'
C:\Users\aliab\OneDrive\Documents\GitHub\AC22CMP\CompilerAssignment-A12-Code-Boa\CompilerAssignment\ApouC\Reader.c(614,10): error C2061: syntax error: identifier 'readerGetInc'
C:\Users\aliab\OneDrive\Documents\GitHub\AC22CMP\CompilerAssignment-A12-Code-Boa\CompilerAssignment\ApouC\Reader.c(614,10): error C2059: syntax error: ';'
C:\Users\aliab\OneDrive\Documents\GitHub\AC22CMP\CompilerAssignment-A12-Code-Boa\CompilerAssignment\ApouC\Reader.c(614,37): error C2143: syntax error: missing ')' before 'const'
C:\Users\aliab\OneDrive\Documents\GitHub\AC22CMP\CompilerAssignment-A12-Code-Boa\CompilerAssignment\ApouC\Reader.c(614,37): error C2143: syntax error: missing '{' before 'const'
C:\Users\aliab\OneDrive\Documents\GitHub\AC22CMP\CompilerAssignment-A12-Code-Boa\CompilerAssignment\ApouC\Reader.c(614,56): error C2059: syntax error: ')'
C:\Users\aliab\OneDrive\Documents\GitHub\AC22CMP\CompilerAssignment-A12-Code-Boa\CompilerAssignment\ApouC\Reader.c(614,58): error C2054: expected '(' to follow 'readerPointer'
C:\Users\aliab\OneDrive\Documents\GitHub\AC22CMP\CompilerAssignment-A12-Code-Boa\CompilerAssignment\ApouC\Reader.c(638,10): error C2061: syntax error: identifier 'readerGetMode'
C:\Users\aliab\OneDrive\Documents\GitHub\AC22CMP\CompilerAssignment-A12-Code-Boa\CompilerAssignment\ApouC\Reader.c(638,10): error C2059: syntax error: ';'
C:\Users\aliab\OneDrive\Documents\GitHub\AC22CMP\CompilerAssignment-A12-Code-Boa\CompilerAssignment\ApouC\Reader.c(638,38): error C2143: syntax error: missing ')' before 'const'
C:\Users\aliab\OneDrive\Documents\GitHub\AC22CMP\CompilerAssignment-A12-Code-Boa\CompilerAssignment\ApouC\Reader.c(638,38): error C2143: syntax error: missing '{' before 'const'
C:\Users\aliab\OneDrive\Documents\GitHub\AC22CMP\CompilerAssignment-A12-Code-Boa\CompilerAssignment\ApouC\Reader.c(638,57): error C2059: syntax error: ')'
C:\Users\aliab\OneDrive\Documents\GitHub\AC22CMP\CompilerAssignment-A12-Code-Boa\CompilerAssignment\ApouC\Reader.c(638,59): error C2054: expected '(' to follow 'readerPointer'
C:\Users\aliab\OneDrive\Documents\GitHub\AC22CMP\CompilerAssignment-A12-Code-Boa\CompilerAssignment\ApouC\Reader.c(663,10): error C2061: syntax error: identifier 'readerGetFlags'
C:\Users\aliab\OneDrive\Documents\GitHub\AC22CMP\CompilerAssignment-A12-Code-Boa\CompilerAssignment\ApouC\Reader.c(663,10): error C2059: syntax error: ';'
C:\Users\aliab\OneDrive\Documents\GitHub\AC22CMP\CompilerAssignment-A12-Code-Boa\CompilerAssignment\ApouC\Reader.c(663,39): error C2143: syntax error: missing ')' before 'const'
C:\Users\aliab\OneDrive\Documents\GitHub\AC22CMP\CompilerAssignment-A12-Code-Boa\CompilerAssignment\ApouC\Reader.c(663,39): error C2143: syntax error: missing '{' before 'const'
C:\Users\aliab\OneDrive\Documents\GitHub\AC22CMP\CompilerAssignment-A12-Code-Boa\CompilerAssignment\ApouC\Reader.c(663,58): error C2059: syntax error: ')'
C:\Users\aliab\OneDrive\Documents\GitHub\AC22CMP\CompilerAssignment-A12-Code-Boa\CompilerAssignment\ApouC\Reader.c(663,60): error C2054: expected '(' to follow 'readerPointer'
C:\Users\aliab\OneDrive\Documents\GitHub\AC22CMP\CompilerAssignment-A12-Code-Boa\CompilerAssignment\ApouC\Reader.c(699,10): error C2061: syntax error: identifier 'readerShowStat'
C:\Users\aliab\OneDrive\Documents\GitHub\AC22CMP\CompilerAssignment-A12-Code-Boa\CompilerAssignment\ApouC\Reader.c(699,10): error C2059: syntax error: ';'
C:\Users\aliab\OneDrive\Documents\GitHub\AC22CMP\CompilerAssignment-A12-Code-Boa\CompilerAssignment\ApouC\Reader.c(699,39): error C2143: syntax error: missing ')' before 'const'
C:\Users\aliab\OneDrive\Documents\GitHub\AC22CMP\CompilerAssignment-A12-Code-Boa\CompilerAssignment\ApouC\Reader.c(699,39): error C2143: syntax error: missing '{' before 'const'
C:\Users\aliab\OneDrive\Documents\GitHub\AC22CMP\CompilerAssignment-A12-Code-Boa\CompilerAssignment\ApouC\Reader.c(699,58): error C2059: syntax error: ')'
C:\Users\aliab\OneDrive\Documents\GitHub\AC22CMP\CompilerAssignment-A12-Code-Boa\CompilerAssignment\ApouC\Reader.c(699,58): fatal  error C1003: error count exceeds 100; stopping compilation
